2024-06-28 23:58:18 | ERROR | Cannot read properties of undefined (reading '_id')
2024-06-29 00:32:03 | ERROR | Converting circular structure to JSON
    --> starting at object with constructor 'MongoClient'
    |     property 's' -> object with constructor 'Object'
    |     property 'sessionPool' -> object with constructor 'ServerSessionPool'
    --- property 'client' closes the circle
2024-06-29 00:32:20 | ERROR | Converting circular structure to JSON
    --> starting at object with constructor 'MongoClient'
    |     property 's' -> object with constructor 'Object'
    |     property 'sessionPool' -> object with constructor 'ServerSessionPool'
    --- property 'client' closes the circle
2024-06-29 00:34:15 | ERROR | Converting circular structure to JSON
    --> starting at object with constructor 'MongoClient'
    |     property 's' -> object with constructor 'Object'
    |     property 'sessionPool' -> object with constructor 'ServerSessionPool'
    --- property 'client' closes the circle
2024-06-29 00:34:46 | ERROR | Converting circular structure to JSON
    --> starting at object with constructor 'MongoClient'
    |     property 's' -> object with constructor 'Object'
    |     property 'sessionPool' -> object with constructor 'ServerSessionPool'
    --- property 'client' closes the circle
2024-06-29 00:35:48 | ERROR | Converting circular structure to JSON
    --> starting at object with constructor 'MongoClient'
    |     property 's' -> object with constructor 'Object'
    |     property 'sessionPool' -> object with constructor 'ServerSessionPool'
    --- property 'client' closes the circle
2024-06-29 00:37:00 | ERROR | blog.save is not a function
2024-06-29 01:00:55 | INFO | undefined
2024-06-29 01:03:04 | INFO | undefined
2024-07-09 07:07:39 | INFO | undefined
2024-07-09 07:07:39 | INFO | undefined
2024-07-09 07:07:53 | INFO | undefined
2024-07-09 07:07:53 | INFO | undefined
2024-07-09 07:08:24 | INFO | undefined
2024-07-09 07:08:24 | INFO | undefined
2024-07-09 07:08:53 | INFO | undefined
2024-07-09 07:08:53 | INFO | undefined
2024-07-09 07:09:04 | INFO | undefined
2024-07-09 07:09:13 | INFO | undefined
2024-07-09 07:09:24 | INFO | undefined
2024-07-09 07:09:24 | INFO | undefined
2024-07-09 07:17:14 | INFO | undefined
2024-07-09 07:17:14 | INFO | undefined
2024-07-09 07:18:09 | INFO | undefined
2024-07-09 07:18:10 | INFO | undefined
2024-07-09 07:18:12 | INFO | undefined
2024-07-09 07:18:22 | INFO | undefined
2024-07-09 07:18:45 | INFO | undefined
2024-07-09 07:18:50 | INFO | undefined
2024-07-09 07:19:13 | INFO | undefined
2024-07-09 07:19:15 | INFO | undefined
2024-07-09 07:20:59 | INFO | undefined
2024-07-09 07:20:59 | INFO | undefined
2024-07-09 07:30:10 | INFO | undefined
2024-07-09 07:30:10 | INFO | undefined
2024-07-09 07:30:22 | INFO | undefined
2024-07-09 07:30:22 | INFO | undefined
2024-07-09 07:30:27 | INFO | undefined
2024-07-09 07:30:27 | INFO | undefined
2024-07-09 10:55:54 | INFO | undefined
2024-07-09 10:55:54 | INFO | undefined
2024-07-09 10:57:44 | INFO | undefined
2024-07-09 10:57:45 | INFO | undefined
2024-07-09 14:48:05 | INFO | undefined
2024-07-09 14:48:05 | INFO | undefined
2024-07-09 14:50:00 | INFO | undefined
2024-07-09 14:50:00 | INFO | undefined
2024-07-09 14:54:04 | INFO | undefined
2024-07-09 14:54:04 | INFO | undefined
2024-07-09 14:54:33 | INFO | undefined
2024-07-09 14:54:33 | INFO | undefined
2024-07-09 14:54:45 | INFO | undefined
2024-07-09 14:54:45 | INFO | undefined
2024-07-15 07:22:00 | INFO | undefined
2024-07-15 07:22:00 | INFO | undefined
2024-07-18 06:44:03 | INFO | undefined
2024-07-18 06:44:03 | INFO | undefined
2024-07-18 06:56:53 | INFO | undefined
2024-07-18 06:56:53 | INFO | undefined
2024-07-18 07:20:19 | INFO | undefined
2024-07-18 07:20:20 | INFO | undefined
